<?xml version="1.0" encoding="UTF-8"?>
<!-- Generated by org.testng.reporters.JUnitXMLReporter -->
<testsuite ignored="2" hostname="DESKTOP-AEI6VM2" failures="0" tests="1" name="Default test" time="30.451" errors="0" timestamp="2021-06-10T22:51:40 BDT">
  <testcase classname="com.automation.BulkSMSTest" name="Test" time="30.388"/>
  <testcase classname="com.automation.DriverSetup" name="@BeforeSuite setDriver" time="0.0">
    <ignored/>
  </testcase> <!-- @BeforeSuite setDriver -->
  <testcase classname="com.automation.DriverSetup" name="@AfterSuite close" time="0.0">
    <ignored/>
  </testcase> <!-- @AfterSuite close -->
</testsuite> <!-- Default test -->
